2021-08-18 11:05:39.247  INFO 14770 --- [main] com.AopApplication                       : Starting AopApplication on james-MS-7A69 with PID 14770 (/home/james/aop_practice-master/build/classes/java/main started by james in /home/james/aop_practice-master)
2021-08-18 11:05:39.253  INFO 14770 --- [main] com.AopApplication                       : No active profile set, falling back to default profiles: default
2021-08-18 11:05:40.551  INFO 14770 --- [main] trationDelegate$BeanPostProcessorChecker : Bean 'org.springframework.ws.config.annotation.DelegatingWsConfiguration' of type [org.springframework.ws.config.annotation.DelegatingWsConfiguration$$EnhancerBySpringCGLIB$$f9b2793c] is not eligible for getting processed by all BeanPostProcessors (for example: not eligible for auto-proxying)
2021-08-18 11:05:40.593  INFO 14770 --- [main] .w.s.a.s.AnnotationActionEndpointMapping : Supporting [WS-Addressing August 2004, WS-Addressing 1.0]
2021-08-18 11:05:41.196  INFO 14770 --- [main] o.s.b.w.embedded.tomcat.TomcatWebServer  : Tomcat initialized with port(s): 8080 (http)
2021-08-18 11:05:41.220  INFO 14770 --- [main] o.apache.catalina.core.StandardService   : Starting service [Tomcat]
2021-08-18 11:05:41.221  INFO 14770 --- [main] org.apache.catalina.core.StandardEngine  : Starting Servlet engine: [Apache Tomcat/9.0.22]
2021-08-18 11:05:41.313  INFO 14770 --- [main] o.a.c.c.C.[Tomcat].[localhost].[/]       : Initializing Spring embedded WebApplicationContext
2021-08-18 11:05:41.313  INFO 14770 --- [main] o.s.web.context.ContextLoader            : Root WebApplicationContext: initialization completed in 2017 ms
2021-08-18 11:05:42.136  INFO 14770 --- [main] o.s.s.concurrent.ThreadPoolTaskExecutor  : Initializing ExecutorService 'applicationTaskExecutor'
2021-08-18 11:05:42.378  WARN 14770 --- [main] ion$DefaultTemplateResolverConfiguration : Cannot find template location: classpath:/templates/ (please add some templates or check your Thymeleaf configuration)
2021-08-18 11:05:42.655  INFO 14770 --- [main] o.s.b.w.embedded.tomcat.TomcatWebServer  : Tomcat started on port(s): 8080 (http) with context path ''
2021-08-18 11:05:42.658  INFO 14770 --- [main] com.AopApplication                       : Started AopApplication in 3.784 seconds (JVM running for 4.215)
2021-08-18 11:05:52.846  INFO 14770 --- [http-nio-8080-exec-1] o.a.c.c.C.[Tomcat].[localhost].[/]       : Initializing Spring DispatcherServlet 'dispatcherServlet'
2021-08-18 11:05:52.847  INFO 14770 --- [http-nio-8080-exec-1] o.s.web.servlet.DispatcherServlet        : Initializing Servlet 'dispatcherServlet'
2021-08-18 11:05:52.898  INFO 14770 --- [http-nio-8080-exec-1] o.s.web.servlet.DispatcherServlet        : Completed initialization in 51 ms
2021-08-18 11:05:52.996  INFO 14770 --- [http-nio-8080-exec-1] com.aspect.LogAspect                     : class_name = com.controller.HelloController
2021-08-18 11:05:53.014  INFO 14770 --- [http-nio-8080-exec-1] com.aspect.LogAspect                     : method_name = hello
2021-08-18 11:05:53.014  INFO 14770 --- [http-nio-8080-exec-1] com.aspect.LogAspect                     : hello : function start
2021-08-18 11:05:53.019  INFO 14770 --- [http-nio-8080-exec-1] com.aspect.LogAspect                     : hello : function end
2021-08-18 11:24:54.016  INFO 14770 --- [Thread-2] o.s.s.concurrent.ThreadPoolTaskExecutor  : Shutting down ExecutorService 'applicationTaskExecutor'
2021-08-18 11:24:57.559  INFO 15364 --- [main] com.AopApplication                       : Starting AopApplication on james-MS-7A69 with PID 15364 (/home/james/aop_practice-master/build/classes/java/main started by james in /home/james/aop_practice-master)
2021-08-18 11:24:57.561  INFO 15364 --- [main] com.AopApplication                       : No active profile set, falling back to default profiles: default
2021-08-18 11:24:59.072  INFO 15364 --- [main] o.s.b.w.embedded.tomcat.TomcatWebServer  : Tomcat initialized with port(s): 8080 (http)
2021-08-18 11:24:59.101  INFO 15364 --- [main] o.apache.catalina.core.StandardService   : Starting service [Tomcat]
2021-08-18 11:24:59.102  INFO 15364 --- [main] org.apache.catalina.core.StandardEngine  : Starting Servlet engine: [Apache Tomcat/9.0.22]
2021-08-18 11:24:59.202  INFO 15364 --- [main] o.a.c.c.C.[Tomcat].[localhost].[/]       : Initializing Spring embedded WebApplicationContext
2021-08-18 11:24:59.203  INFO 15364 --- [main] o.s.web.context.ContextLoader            : Root WebApplicationContext: initialization completed in 1557 ms
2021-08-18 11:24:59.460  INFO 15364 --- [main] o.s.s.concurrent.ThreadPoolTaskExecutor  : Initializing ExecutorService 'applicationTaskExecutor'
2021-08-18 11:24:59.626  INFO 15364 --- [main] o.s.b.w.embedded.tomcat.TomcatWebServer  : Tomcat started on port(s): 8080 (http) with context path ''
2021-08-18 11:24:59.629  INFO 15364 --- [main] com.AopApplication                       : Started AopApplication in 2.433 seconds (JVM running for 2.738)
2021-08-18 11:25:48.357  INFO 15364 --- [http-nio-8080-exec-1] o.a.c.c.C.[Tomcat].[localhost].[/]       : Initializing Spring DispatcherServlet 'dispatcherServlet'
2021-08-18 11:25:48.358  INFO 15364 --- [http-nio-8080-exec-1] o.s.web.servlet.DispatcherServlet        : Initializing Servlet 'dispatcherServlet'
2021-08-18 11:25:48.366  INFO 15364 --- [http-nio-8080-exec-1] o.s.web.servlet.DispatcherServlet        : Completed initialization in 8 ms
2021-08-18 11:25:48.387  INFO 15364 --- [http-nio-8080-exec-1] com.aspect.LogAspect                     : class_name = com.controller.HelloController
2021-08-18 11:25:48.388  INFO 15364 --- [http-nio-8080-exec-1] com.aspect.LogAspect                     : method_name = index
2021-08-18 11:25:48.388  INFO 15364 --- [http-nio-8080-exec-1] com.aspect.LogAspect                     : this(name) : function start
2021-08-18 11:25:48.394  INFO 15364 --- [http-nio-8080-exec-1] com.aspect.LogAspect                     : this(name) : function end
